<?xml version="1.0" encoding="UTF-8"?>
<!-- Generated by org.testng.reporters.JUnitReportReporter -->
<testsuite hostname="mkhadeer-LAP" failures="0" tests="1" name="MavenProject.MavenProject.Errorvalidation" time="25.003" errors="0" timestamp="2024-07-12T09:59:30 IST" skipped="0">
  <testcase classname="MavenProject.MavenProject.Errorvalidation" name="submitOrder" time="25.003"/>
</testsuite> <!-- MavenProject.MavenProject.Errorvalidation -->
